[0.673s] Invoking command in '/home/ronen/Documents/Optical-Flow-Node/ros2_ws/src/dynamic_obstacle_detector': DEBUGINFOD_URLS=https://debuginfod.ubuntu.com PYTHONPATH=/home/ronen/Documents/Optical-Flow-Node/ros2_ws/build/dynamic_obstacle_detector/prefix_override:/usr/lib/python3/dist-packages/colcon_core/task/python/colcon_distutils_commands:/home/ronen/Documents/Optical-Flow-Node/ros2_ws/install/dynamic_obstacle_detector/lib/python3.12/site-packages:${PYTHONPATH} /usr/bin/python3 -W ignore:setup.py install is deprecated -W ignore:easy_install command is deprecated setup.py egg_info --egg-base ../../build/dynamic_obstacle_detector build --build-base /home/ronen/Documents/Optical-Flow-Node/ros2_ws/build/dynamic_obstacle_detector/build install --record /home/ronen/Documents/Optical-Flow-Node/ros2_ws/build/dynamic_obstacle_detector/install.log --single-version-externally-managed install_data
[0.902s] running egg_info
[0.902s] creating ../../build/dynamic_obstacle_detector/dynamic_obstacle_detector.egg-info
[0.920s] writing ../../build/dynamic_obstacle_detector/dynamic_obstacle_detector.egg-info/PKG-INFO
[0.920s] writing dependency_links to ../../build/dynamic_obstacle_detector/dynamic_obstacle_detector.egg-info/dependency_links.txt
[0.920s] writing entry points to ../../build/dynamic_obstacle_detector/dynamic_obstacle_detector.egg-info/entry_points.txt
[0.921s] writing requirements to ../../build/dynamic_obstacle_detector/dynamic_obstacle_detector.egg-info/requires.txt
[0.921s] writing top-level names to ../../build/dynamic_obstacle_detector/dynamic_obstacle_detector.egg-info/top_level.txt
[0.921s] writing manifest file '../../build/dynamic_obstacle_detector/dynamic_obstacle_detector.egg-info/SOURCES.txt'
[0.956s] reading manifest file '../../build/dynamic_obstacle_detector/dynamic_obstacle_detector.egg-info/SOURCES.txt'
[0.956s] writing manifest file '../../build/dynamic_obstacle_detector/dynamic_obstacle_detector.egg-info/SOURCES.txt'
[0.957s] running build
[0.957s] running build_py
[0.957s] creating /home/ronen/Documents/Optical-Flow-Node/ros2_ws/build/dynamic_obstacle_detector/build
[0.957s] creating /home/ronen/Documents/Optical-Flow-Node/ros2_ws/build/dynamic_obstacle_detector/build/lib
[0.957s] creating /home/ronen/Documents/Optical-Flow-Node/ros2_ws/build/dynamic_obstacle_detector/build/lib/dynamic_obstacle_detector
[0.957s] copying dynamic_obstacle_detector/__init__.py -> /home/ronen/Documents/Optical-Flow-Node/ros2_ws/build/dynamic_obstacle_detector/build/lib/dynamic_obstacle_detector
[0.957s] copying dynamic_obstacle_detector/main_node.py -> /home/ronen/Documents/Optical-Flow-Node/ros2_ws/build/dynamic_obstacle_detector/build/lib/dynamic_obstacle_detector
[0.957s] running install
[0.963s] running install_lib
[0.981s] creating /home/ronen/Documents/Optical-Flow-Node/ros2_ws/install/dynamic_obstacle_detector/lib/python3.12/site-packages/dynamic_obstacle_detector
[0.981s] copying /home/ronen/Documents/Optical-Flow-Node/ros2_ws/build/dynamic_obstacle_detector/build/lib/dynamic_obstacle_detector/__init__.py -> /home/ronen/Documents/Optical-Flow-Node/ros2_ws/install/dynamic_obstacle_detector/lib/python3.12/site-packages/dynamic_obstacle_detector
[0.982s] copying /home/ronen/Documents/Optical-Flow-Node/ros2_ws/build/dynamic_obstacle_detector/build/lib/dynamic_obstacle_detector/main_node.py -> /home/ronen/Documents/Optical-Flow-Node/ros2_ws/install/dynamic_obstacle_detector/lib/python3.12/site-packages/dynamic_obstacle_detector
[0.982s] byte-compiling /home/ronen/Documents/Optical-Flow-Node/ros2_ws/install/dynamic_obstacle_detector/lib/python3.12/site-packages/dynamic_obstacle_detector/__init__.py to __init__.cpython-312.pyc
[0.982s] byte-compiling /home/ronen/Documents/Optical-Flow-Node/ros2_ws/install/dynamic_obstacle_detector/lib/python3.12/site-packages/dynamic_obstacle_detector/main_node.py to main_node.cpython-312.pyc
[0.983s] running install_data
[0.983s] creating /home/ronen/Documents/Optical-Flow-Node/ros2_ws/install/dynamic_obstacle_detector/share/ament_index
[0.983s] creating /home/ronen/Documents/Optical-Flow-Node/ros2_ws/install/dynamic_obstacle_detector/share/ament_index/resource_index
[0.983s] creating /home/ronen/Documents/Optical-Flow-Node/ros2_ws/install/dynamic_obstacle_detector/share/ament_index/resource_index/packages
[0.983s] copying resource/dynamic_obstacle_detector -> /home/ronen/Documents/Optical-Flow-Node/ros2_ws/install/dynamic_obstacle_detector/share/ament_index/resource_index/packages
[0.983s] copying package.xml -> /home/ronen/Documents/Optical-Flow-Node/ros2_ws/install/dynamic_obstacle_detector/share/dynamic_obstacle_detector
[0.983s] running install_egg_info
[1.002s] Copying ../../build/dynamic_obstacle_detector/dynamic_obstacle_detector.egg-info to /home/ronen/Documents/Optical-Flow-Node/ros2_ws/install/dynamic_obstacle_detector/lib/python3.12/site-packages/dynamic_obstacle_detector-0.0.0-py3.12.egg-info
[1.003s] running install_scripts
[1.123s] Installing detection_node script to /home/ronen/Documents/Optical-Flow-Node/ros2_ws/install/dynamic_obstacle_detector/lib/dynamic_obstacle_detector
[1.123s] writing list of installed files to '/home/ronen/Documents/Optical-Flow-Node/ros2_ws/build/dynamic_obstacle_detector/install.log'
[1.142s] Invoked command in '/home/ronen/Documents/Optical-Flow-Node/ros2_ws/src/dynamic_obstacle_detector' returned '0': DEBUGINFOD_URLS=https://debuginfod.ubuntu.com PYTHONPATH=/home/ronen/Documents/Optical-Flow-Node/ros2_ws/build/dynamic_obstacle_detector/prefix_override:/usr/lib/python3/dist-packages/colcon_core/task/python/colcon_distutils_commands:/home/ronen/Documents/Optical-Flow-Node/ros2_ws/install/dynamic_obstacle_detector/lib/python3.12/site-packages:${PYTHONPATH} /usr/bin/python3 -W ignore:setup.py install is deprecated -W ignore:easy_install command is deprecated setup.py egg_info --egg-base ../../build/dynamic_obstacle_detector build --build-base /home/ronen/Documents/Optical-Flow-Node/ros2_ws/build/dynamic_obstacle_detector/build install --record /home/ronen/Documents/Optical-Flow-Node/ros2_ws/build/dynamic_obstacle_detector/install.log --single-version-externally-managed install_data
