[0.711s] Invoking command in '/home/ronen/Documents/Optical-Flow-Node/ros2_ws/src/dynamic_obstacle_detector': DEBUGINFOD_URLS=https://debuginfod.ubuntu.com PS1=(venv) \[\e]0;\u@\h: \w\a\]${debian_chroot:+($debian_chroot)}\[\033[01;32m\]\u@\h\[\033[00m\]:\[\033[01;34m\]\w\[\033[00m\]\$ PYTHONPATH=/home/ronen/Documents/Optical-Flow-Node/ros2_ws/src/build/dynamic_obstacle_detector/prefix_override:/usr/lib/python3/dist-packages/colcon_core/task/python/colcon_distutils_commands:/home/ronen/Documents/Optical-Flow-Node/ros2_ws/src/install/dynamic_obstacle_detector/lib/python3.12/site-packages:${PYTHONPATH} VIRTUAL_ENV_PROMPT=(venv) /usr/bin/python3 -W ignore:setup.py install is deprecated -W ignore:easy_install command is deprecated setup.py egg_info --egg-base ../build/dynamic_obstacle_detector build --build-base /home/ronen/Documents/Optical-Flow-Node/ros2_ws/src/build/dynamic_obstacle_detector/build install --record /home/ronen/Documents/Optical-Flow-Node/ros2_ws/src/build/dynamic_obstacle_detector/install.log --single-version-externally-managed install_data
[0.946s] running egg_info
[0.947s] creating ../build/dynamic_obstacle_detector/dynamic_obstacle_detector.egg-info
[0.964s] writing ../build/dynamic_obstacle_detector/dynamic_obstacle_detector.egg-info/PKG-INFO
[0.964s] writing dependency_links to ../build/dynamic_obstacle_detector/dynamic_obstacle_detector.egg-info/dependency_links.txt
[0.964s] writing entry points to ../build/dynamic_obstacle_detector/dynamic_obstacle_detector.egg-info/entry_points.txt
[0.964s] writing requirements to ../build/dynamic_obstacle_detector/dynamic_obstacle_detector.egg-info/requires.txt
[0.964s] writing top-level names to ../build/dynamic_obstacle_detector/dynamic_obstacle_detector.egg-info/top_level.txt
[0.964s] writing manifest file '../build/dynamic_obstacle_detector/dynamic_obstacle_detector.egg-info/SOURCES.txt'
[0.999s] reading manifest file '../build/dynamic_obstacle_detector/dynamic_obstacle_detector.egg-info/SOURCES.txt'
[1.000s] writing manifest file '../build/dynamic_obstacle_detector/dynamic_obstacle_detector.egg-info/SOURCES.txt'
[1.000s] running build
[1.000s] running build_py
[1.000s] creating /home/ronen/Documents/Optical-Flow-Node/ros2_ws/src/build/dynamic_obstacle_detector/build
[1.000s] creating /home/ronen/Documents/Optical-Flow-Node/ros2_ws/src/build/dynamic_obstacle_detector/build/lib
[1.000s] creating /home/ronen/Documents/Optical-Flow-Node/ros2_ws/src/build/dynamic_obstacle_detector/build/lib/dynamic_obstacle_detector
[1.001s] copying dynamic_obstacle_detector/__init__.py -> /home/ronen/Documents/Optical-Flow-Node/ros2_ws/src/build/dynamic_obstacle_detector/build/lib/dynamic_obstacle_detector
[1.001s] copying dynamic_obstacle_detector/main_node.py -> /home/ronen/Documents/Optical-Flow-Node/ros2_ws/src/build/dynamic_obstacle_detector/build/lib/dynamic_obstacle_detector
[1.001s] running install
[1.006s] running install_lib
[1.024s] creating /home/ronen/Documents/Optical-Flow-Node/ros2_ws/src/install/dynamic_obstacle_detector/lib/python3.12/site-packages/dynamic_obstacle_detector
[1.024s] copying /home/ronen/Documents/Optical-Flow-Node/ros2_ws/src/build/dynamic_obstacle_detector/build/lib/dynamic_obstacle_detector/__init__.py -> /home/ronen/Documents/Optical-Flow-Node/ros2_ws/src/install/dynamic_obstacle_detector/lib/python3.12/site-packages/dynamic_obstacle_detector
[1.024s] copying /home/ronen/Documents/Optical-Flow-Node/ros2_ws/src/build/dynamic_obstacle_detector/build/lib/dynamic_obstacle_detector/main_node.py -> /home/ronen/Documents/Optical-Flow-Node/ros2_ws/src/install/dynamic_obstacle_detector/lib/python3.12/site-packages/dynamic_obstacle_detector
[1.025s] byte-compiling /home/ronen/Documents/Optical-Flow-Node/ros2_ws/src/install/dynamic_obstacle_detector/lib/python3.12/site-packages/dynamic_obstacle_detector/__init__.py to __init__.cpython-312.pyc
[1.025s] byte-compiling /home/ronen/Documents/Optical-Flow-Node/ros2_ws/src/install/dynamic_obstacle_detector/lib/python3.12/site-packages/dynamic_obstacle_detector/main_node.py to main_node.cpython-312.pyc
[1.025s] running install_data
[1.025s] creating /home/ronen/Documents/Optical-Flow-Node/ros2_ws/src/install/dynamic_obstacle_detector/share/ament_index
[1.025s] creating /home/ronen/Documents/Optical-Flow-Node/ros2_ws/src/install/dynamic_obstacle_detector/share/ament_index/resource_index
[1.025s] creating /home/ronen/Documents/Optical-Flow-Node/ros2_ws/src/install/dynamic_obstacle_detector/share/ament_index/resource_index/packages
[1.025s] copying resource/dynamic_obstacle_detector -> /home/ronen/Documents/Optical-Flow-Node/ros2_ws/src/install/dynamic_obstacle_detector/share/ament_index/resource_index/packages
[1.026s] copying package.xml -> /home/ronen/Documents/Optical-Flow-Node/ros2_ws/src/install/dynamic_obstacle_detector/share/dynamic_obstacle_detector
[1.026s] running install_egg_info
[1.044s] Copying ../build/dynamic_obstacle_detector/dynamic_obstacle_detector.egg-info to /home/ronen/Documents/Optical-Flow-Node/ros2_ws/src/install/dynamic_obstacle_detector/lib/python3.12/site-packages/dynamic_obstacle_detector-0.0.0-py3.12.egg-info
[1.044s] running install_scripts
[1.163s] Installing detection_node script to /home/ronen/Documents/Optical-Flow-Node/ros2_ws/src/install/dynamic_obstacle_detector/lib/dynamic_obstacle_detector
[1.163s] writing list of installed files to '/home/ronen/Documents/Optical-Flow-Node/ros2_ws/src/build/dynamic_obstacle_detector/install.log'
[1.184s] Invoked command in '/home/ronen/Documents/Optical-Flow-Node/ros2_ws/src/dynamic_obstacle_detector' returned '0': DEBUGINFOD_URLS=https://debuginfod.ubuntu.com PS1=(venv) \[\e]0;\u@\h: \w\a\]${debian_chroot:+($debian_chroot)}\[\033[01;32m\]\u@\h\[\033[00m\]:\[\033[01;34m\]\w\[\033[00m\]\$ PYTHONPATH=/home/ronen/Documents/Optical-Flow-Node/ros2_ws/src/build/dynamic_obstacle_detector/prefix_override:/usr/lib/python3/dist-packages/colcon_core/task/python/colcon_distutils_commands:/home/ronen/Documents/Optical-Flow-Node/ros2_ws/src/install/dynamic_obstacle_detector/lib/python3.12/site-packages:${PYTHONPATH} VIRTUAL_ENV_PROMPT=(venv) /usr/bin/python3 -W ignore:setup.py install is deprecated -W ignore:easy_install command is deprecated setup.py egg_info --egg-base ../build/dynamic_obstacle_detector build --build-base /home/ronen/Documents/Optical-Flow-Node/ros2_ws/src/build/dynamic_obstacle_detector/build install --record /home/ronen/Documents/Optical-Flow-Node/ros2_ws/src/build/dynamic_obstacle_detector/install.log --single-version-externally-managed install_data
