[0.087s] DEBUG:colcon:Command line arguments: ['/usr/bin/colcon', 'build']
[0.087s] DEBUG:colcon:Parsed command line arguments: Namespace(log_base=None, log_level=None, verb_name='build', build_base='build', install_base='install', merge_install=False, symlink_install=False, test_result_base=None, continue_on_error=False, executor='parallel', parallel_workers=12, event_handlers=None, ignore_user_meta=False, metas=['./colcon.meta'], base_paths=['.'], packages_ignore=None, packages_ignore_regex=None, paths=None, packages_up_to=None, packages_up_to_regex=None, packages_above=None, packages_above_and_dependencies=None, packages_above_depth=None, packages_select_by_dep=None, packages_skip_by_dep=None, packages_skip_up_to=None, packages_select_build_failed=False, packages_skip_build_finished=False, packages_select_test_failures=False, packages_skip_test_passed=False, packages_select=None, packages_skip=None, packages_select_regex=None, packages_skip_regex=None, packages_start=None, packages_end=None, allow_overriding=[], cmake_args=None, cmake_target=None, cmake_target_skip_unavailable=False, cmake_clean_cache=False, cmake_clean_first=False, cmake_force_configure=False, ament_cmake_args=None, catkin_cmake_args=None, catkin_skip_building_tests=False, verb_parser=<colcon_defaults.argument_parser.defaults.DefaultArgumentsDecorator object at 0x78c0c626d5e0>, verb_extension=<colcon_core.verb.build.BuildVerb object at 0x78c0c63e34d0>, main=<bound method BuildVerb.main of <colcon_core.verb.build.BuildVerb object at 0x78c0c63e34d0>>)
[0.120s] Level 1:colcon.colcon_core.package_discovery:discover_packages(colcon_meta) check parameters
[0.120s] Level 1:colcon.colcon_core.package_discovery:discover_packages(recursive) check parameters
[0.120s] Level 1:colcon.colcon_core.package_discovery:discover_packages(ignore) check parameters
[0.120s] Level 1:colcon.colcon_core.package_discovery:discover_packages(path) check parameters
[0.120s] Level 1:colcon.colcon_core.package_discovery:discover_packages(colcon_meta) discover
[0.120s] Level 1:colcon.colcon_core.package_discovery:discover_packages(recursive) discover
[0.120s] INFO:colcon.colcon_core.package_discovery:Crawling recursively for packages in '/home/ronen/Documents/Optical-Flow-Node/ros2_ws/src'
[0.120s] Level 1:colcon.colcon_core.package_identification:_identify(.) by extensions ['ignore', 'ignore_ament_install']
[0.120s] Level 1:colcon.colcon_core.package_identification:_identify(.) by extension 'ignore'
[0.120s] Level 1:colcon.colcon_core.package_identification:_identify(.) by extension 'ignore_ament_install'
[0.120s] Level 1:colcon.colcon_core.package_identification:_identify(.) by extensions ['colcon_pkg']
[0.120s] Level 1:colcon.colcon_core.package_identification:_identify(.) by extension 'colcon_pkg'
[0.121s] Level 1:colcon.colcon_core.package_identification:_identify(.) by extensions ['colcon_meta']
[0.121s] Level 1:colcon.colcon_core.package_identification:_identify(.) by extension 'colcon_meta'
[0.121s] Level 1:colcon.colcon_core.package_identification:_identify(.) by extensions ['ros']
[0.121s] Level 1:colcon.colcon_core.package_identification:_identify(.) by extension 'ros'
[0.141s] Level 1:colcon.colcon_core.package_identification:_identify(.) by extensions ['cmake', 'python']
[0.141s] Level 1:colcon.colcon_core.package_identification:_identify(.) by extension 'cmake'
[0.141s] Level 1:colcon.colcon_core.package_identification:_identify(.) by extension 'python'
[0.141s] Level 1:colcon.colcon_core.package_identification:_identify(.) by extensions ['python_setup_py']
[0.141s] Level 1:colcon.colcon_core.package_identification:_identify(.) by extension 'python_setup_py'
[0.141s] Level 1:colcon.colcon_core.package_identification:_identify(ENPM673_turtlebot_perception_challenge) by extensions ['ignore', 'ignore_ament_install']
[0.141s] Level 1:colcon.colcon_core.package_identification:_identify(ENPM673_turtlebot_perception_challenge) by extension 'ignore'
[0.141s] Level 1:colcon.colcon_core.package_identification:_identify(ENPM673_turtlebot_perception_challenge) by extension 'ignore_ament_install'
[0.141s] Level 1:colcon.colcon_core.package_identification:_identify(ENPM673_turtlebot_perception_challenge) by extensions ['colcon_pkg']
[0.141s] Level 1:colcon.colcon_core.package_identification:_identify(ENPM673_turtlebot_perception_challenge) by extension 'colcon_pkg'
[0.141s] Level 1:colcon.colcon_core.package_identification:_identify(ENPM673_turtlebot_perception_challenge) by extensions ['colcon_meta']
[0.142s] Level 1:colcon.colcon_core.package_identification:_identify(ENPM673_turtlebot_perception_challenge) by extension 'colcon_meta'
[0.142s] Level 1:colcon.colcon_core.package_identification:_identify(ENPM673_turtlebot_perception_challenge) by extensions ['ros']
[0.142s] Level 1:colcon.colcon_core.package_identification:_identify(ENPM673_turtlebot_perception_challenge) by extension 'ros'
[0.142s] Level 1:colcon.colcon_core.package_identification:_identify(ENPM673_turtlebot_perception_challenge) by extensions ['cmake', 'python']
[0.142s] Level 1:colcon.colcon_core.package_identification:_identify(ENPM673_turtlebot_perception_challenge) by extension 'cmake'
[0.142s] Level 1:colcon.colcon_core.package_identification:_identify(ENPM673_turtlebot_perception_challenge) by extension 'python'
[0.142s] Level 1:colcon.colcon_core.package_identification:_identify(ENPM673_turtlebot_perception_challenge) by extensions ['python_setup_py']
[0.142s] Level 1:colcon.colcon_core.package_identification:_identify(ENPM673_turtlebot_perception_challenge) by extension 'python_setup_py'
[0.142s] Level 1:colcon.colcon_core.package_identification:_identify(ENPM673_turtlebot_perception_challenge/enpm673_final_proj) by extensions ['ignore', 'ignore_ament_install']
[0.142s] Level 1:colcon.colcon_core.package_identification:_identify(ENPM673_turtlebot_perception_challenge/enpm673_final_proj) by extension 'ignore'
[0.142s] Level 1:colcon.colcon_core.package_identification:_identify(ENPM673_turtlebot_perception_challenge/enpm673_final_proj) by extension 'ignore_ament_install'
[0.142s] Level 1:colcon.colcon_core.package_identification:_identify(ENPM673_turtlebot_perception_challenge/enpm673_final_proj) by extensions ['colcon_pkg']
[0.142s] Level 1:colcon.colcon_core.package_identification:_identify(ENPM673_turtlebot_perception_challenge/enpm673_final_proj) by extension 'colcon_pkg'
[0.142s] Level 1:colcon.colcon_core.package_identification:_identify(ENPM673_turtlebot_perception_challenge/enpm673_final_proj) by extensions ['colcon_meta']
[0.142s] Level 1:colcon.colcon_core.package_identification:_identify(ENPM673_turtlebot_perception_challenge/enpm673_final_proj) by extension 'colcon_meta'
[0.142s] Level 1:colcon.colcon_core.package_identification:_identify(ENPM673_turtlebot_perception_challenge/enpm673_final_proj) by extensions ['ros']
[0.142s] Level 1:colcon.colcon_core.package_identification:_identify(ENPM673_turtlebot_perception_challenge/enpm673_final_proj) by extension 'ros'
[0.144s] DEBUG:colcon.colcon_core.package_identification:Package 'ENPM673_turtlebot_perception_challenge/enpm673_final_proj' with type 'ros.ament_cmake' and name 'enpm673_final_proj'
[0.144s] Level 1:colcon.colcon_core.package_identification:_identify(ENPM673_turtlebot_perception_challenge/screenshots) by extensions ['ignore', 'ignore_ament_install']
[0.144s] Level 1:colcon.colcon_core.package_identification:_identify(ENPM673_turtlebot_perception_challenge/screenshots) by extension 'ignore'
[0.144s] Level 1:colcon.colcon_core.package_identification:_identify(ENPM673_turtlebot_perception_challenge/screenshots) by extension 'ignore_ament_install'
[0.144s] Level 1:colcon.colcon_core.package_identification:_identify(ENPM673_turtlebot_perception_challenge/screenshots) by extensions ['colcon_pkg']
[0.144s] Level 1:colcon.colcon_core.package_identification:_identify(ENPM673_turtlebot_perception_challenge/screenshots) by extension 'colcon_pkg'
[0.144s] Level 1:colcon.colcon_core.package_identification:_identify(ENPM673_turtlebot_perception_challenge/screenshots) by extensions ['colcon_meta']
[0.144s] Level 1:colcon.colcon_core.package_identification:_identify(ENPM673_turtlebot_perception_challenge/screenshots) by extension 'colcon_meta'
[0.144s] Level 1:colcon.colcon_core.package_identification:_identify(ENPM673_turtlebot_perception_challenge/screenshots) by extensions ['ros']
[0.144s] Level 1:colcon.colcon_core.package_identification:_identify(ENPM673_turtlebot_perception_challenge/screenshots) by extension 'ros'
[0.145s] Level 1:colcon.colcon_core.package_identification:_identify(ENPM673_turtlebot_perception_challenge/screenshots) by extensions ['cmake', 'python']
[0.145s] Level 1:colcon.colcon_core.package_identification:_identify(ENPM673_turtlebot_perception_challenge/screenshots) by extension 'cmake'
[0.145s] Level 1:colcon.colcon_core.package_identification:_identify(ENPM673_turtlebot_perception_challenge/screenshots) by extension 'python'
[0.145s] Level 1:colcon.colcon_core.package_identification:_identify(ENPM673_turtlebot_perception_challenge/screenshots) by extensions ['python_setup_py']
[0.145s] Level 1:colcon.colcon_core.package_identification:_identify(ENPM673_turtlebot_perception_challenge/screenshots) by extension 'python_setup_py'
[0.145s] Level 1:colcon.colcon_core.package_identification:_identify(build) by extensions ['ignore', 'ignore_ament_install']
[0.145s] Level 1:colcon.colcon_core.package_identification:_identify(build) by extension 'ignore'
[0.145s] Level 1:colcon.colcon_core.package_identification:_identify(build) ignored
[0.145s] Level 1:colcon.colcon_core.package_identification:_identify(dynamic_obstacle_detector) by extensions ['ignore', 'ignore_ament_install']
[0.145s] Level 1:colcon.colcon_core.package_identification:_identify(dynamic_obstacle_detector) by extension 'ignore'
[0.145s] Level 1:colcon.colcon_core.package_identification:_identify(dynamic_obstacle_detector) by extension 'ignore_ament_install'
[0.145s] Level 1:colcon.colcon_core.package_identification:_identify(dynamic_obstacle_detector) by extensions ['colcon_pkg']
[0.145s] Level 1:colcon.colcon_core.package_identification:_identify(dynamic_obstacle_detector) by extension 'colcon_pkg'
[0.145s] Level 1:colcon.colcon_core.package_identification:_identify(dynamic_obstacle_detector) by extensions ['colcon_meta']
[0.145s] Level 1:colcon.colcon_core.package_identification:_identify(dynamic_obstacle_detector) by extension 'colcon_meta'
[0.145s] Level 1:colcon.colcon_core.package_identification:_identify(dynamic_obstacle_detector) by extensions ['ros']
[0.145s] Level 1:colcon.colcon_core.package_identification:_identify(dynamic_obstacle_detector) by extension 'ros'
[0.146s] DEBUG:colcon.colcon_core.package_identification:Package 'dynamic_obstacle_detector' with type 'ros.ament_python' and name 'dynamic_obstacle_detector'
[0.146s] Level 1:colcon.colcon_core.package_identification:_identify(install) by extensions ['ignore', 'ignore_ament_install']
[0.146s] Level 1:colcon.colcon_core.package_identification:_identify(install) by extension 'ignore'
[0.146s] Level 1:colcon.colcon_core.package_identification:_identify(install) ignored
[0.146s] Level 1:colcon.colcon_core.package_identification:_identify(log) by extensions ['ignore', 'ignore_ament_install']
[0.146s] Level 1:colcon.colcon_core.package_identification:_identify(log) by extension 'ignore'
[0.146s] Level 1:colcon.colcon_core.package_identification:_identify(log) ignored
[0.146s] Level 1:colcon.colcon_core.package_discovery:discover_packages(recursive) using defaults
[0.146s] Level 1:colcon.colcon_core.package_discovery:discover_packages(ignore) discover
[0.146s] Level 1:colcon.colcon_core.package_discovery:discover_packages(ignore) using defaults
[0.146s] Level 1:colcon.colcon_core.package_discovery:discover_packages(path) discover
[0.146s] Level 1:colcon.colcon_core.package_discovery:discover_packages(path) using defaults
[0.161s] Level 1:colcon.colcon_core.package_discovery:discover_packages(prefix_path) check parameters
[0.161s] Level 1:colcon.colcon_core.package_discovery:discover_packages(prefix_path) discover
[0.162s] DEBUG:colcon.colcon_installed_package_information.package_discovery:Found 1 installed packages in /home/ronen/Documents/Optical-Flow-Node/ros2_ws/install
[0.164s] DEBUG:colcon.colcon_installed_package_information.package_discovery:Found 315 installed packages in /opt/ros/jazzy
[0.165s] Level 1:colcon.colcon_core.package_discovery:discover_packages(prefix_path) using defaults
[0.205s] Level 5:colcon.colcon_core.verb:set package 'dynamic_obstacle_detector' build argument 'cmake_args' from command line to 'None'
[0.205s] Level 5:colcon.colcon_core.verb:set package 'dynamic_obstacle_detector' build argument 'cmake_target' from command line to 'None'
[0.205s] Level 5:colcon.colcon_core.verb:set package 'dynamic_obstacle_detector' build argument 'cmake_target_skip_unavailable' from command line to 'False'
[0.205s] Level 5:colcon.colcon_core.verb:set package 'dynamic_obstacle_detector' build argument 'cmake_clean_cache' from command line to 'False'
[0.205s] Level 5:colcon.colcon_core.verb:set package 'dynamic_obstacle_detector' build argument 'cmake_clean_first' from command line to 'False'
[0.205s] Level 5:colcon.colcon_core.verb:set package 'dynamic_obstacle_detector' build argument 'cmake_force_configure' from command line to 'False'
[0.205s] Level 5:colcon.colcon_core.verb:set package 'dynamic_obstacle_detector' build argument 'ament_cmake_args' from command line to 'None'
[0.205s] Level 5:colcon.colcon_core.verb:set package 'dynamic_obstacle_detector' build argument 'catkin_cmake_args' from command line to 'None'
[0.205s] Level 5:colcon.colcon_core.verb:set package 'dynamic_obstacle_detector' build argument 'catkin_skip_building_tests' from command line to 'False'
[0.205s] DEBUG:colcon.colcon_core.verb:Building package 'dynamic_obstacle_detector' with the following arguments: {'ament_cmake_args': None, 'build_base': '/home/ronen/Documents/Optical-Flow-Node/ros2_ws/src/build/dynamic_obstacle_detector', 'catkin_cmake_args': None, 'catkin_skip_building_tests': False, 'cmake_args': None, 'cmake_clean_cache': False, 'cmake_clean_first': False, 'cmake_force_configure': False, 'cmake_target': None, 'cmake_target_skip_unavailable': False, 'install_base': '/home/ronen/Documents/Optical-Flow-Node/ros2_ws/src/install/dynamic_obstacle_detector', 'merge_install': False, 'path': '/home/ronen/Documents/Optical-Flow-Node/ros2_ws/src/dynamic_obstacle_detector', 'symlink_install': False, 'test_result_base': None}
[0.206s] Level 5:colcon.colcon_core.verb:set package 'enpm673_final_proj' build argument 'cmake_args' from command line to 'None'
[0.206s] Level 5:colcon.colcon_core.verb:set package 'enpm673_final_proj' build argument 'cmake_target' from command line to 'None'
[0.206s] Level 5:colcon.colcon_core.verb:set package 'enpm673_final_proj' build argument 'cmake_target_skip_unavailable' from command line to 'False'
[0.206s] Level 5:colcon.colcon_core.verb:set package 'enpm673_final_proj' build argument 'cmake_clean_cache' from command line to 'False'
[0.206s] Level 5:colcon.colcon_core.verb:set package 'enpm673_final_proj' build argument 'cmake_clean_first' from command line to 'False'
[0.206s] Level 5:colcon.colcon_core.verb:set package 'enpm673_final_proj' build argument 'cmake_force_configure' from command line to 'False'
[0.206s] Level 5:colcon.colcon_core.verb:set package 'enpm673_final_proj' build argument 'ament_cmake_args' from command line to 'None'
[0.206s] Level 5:colcon.colcon_core.verb:set package 'enpm673_final_proj' build argument 'catkin_cmake_args' from command line to 'None'
[0.206s] Level 5:colcon.colcon_core.verb:set package 'enpm673_final_proj' build argument 'catkin_skip_building_tests' from command line to 'False'
[0.206s] DEBUG:colcon.colcon_core.verb:Building package 'enpm673_final_proj' with the following arguments: {'ament_cmake_args': None, 'build_base': '/home/ronen/Documents/Optical-Flow-Node/ros2_ws/src/build/enpm673_final_proj', 'catkin_cmake_args': None, 'catkin_skip_building_tests': False, 'cmake_args': None, 'cmake_clean_cache': False, 'cmake_clean_first': False, 'cmake_force_configure': False, 'cmake_target': None, 'cmake_target_skip_unavailable': False, 'install_base': '/home/ronen/Documents/Optical-Flow-Node/ros2_ws/src/install/enpm673_final_proj', 'merge_install': False, 'path': '/home/ronen/Documents/Optical-Flow-Node/ros2_ws/src/ENPM673_turtlebot_perception_challenge/enpm673_final_proj', 'symlink_install': False, 'test_result_base': None}
[0.206s] INFO:colcon.colcon_core.executor:Executing jobs using 'parallel' executor
[0.206s] DEBUG:colcon.colcon_parallel_executor.executor.parallel:run_until_complete
[0.207s] INFO:colcon.colcon_ros.task.ament_python.build:Building ROS package in '/home/ronen/Documents/Optical-Flow-Node/ros2_ws/src/dynamic_obstacle_detector' with build type 'ament_python'
[0.207s] Level 1:colcon.colcon_core.shell:create_environment_hook('dynamic_obstacle_detector', 'ament_prefix_path')
[0.208s] INFO:colcon.colcon_core.plugin_system:Skipping extension 'colcon_core.shell.bat': Not used on non-Windows systems
[0.209s] INFO:colcon.colcon_core.shell:Creating environment hook '/home/ronen/Documents/Optical-Flow-Node/ros2_ws/src/install/dynamic_obstacle_detector/share/dynamic_obstacle_detector/hook/ament_prefix_path.ps1'
[0.209s] INFO:colcon.colcon_core.shell:Creating environment descriptor '/home/ronen/Documents/Optical-Flow-Node/ros2_ws/src/install/dynamic_obstacle_detector/share/dynamic_obstacle_detector/hook/ament_prefix_path.dsv'
[0.209s] INFO:colcon.colcon_core.shell:Creating environment hook '/home/ronen/Documents/Optical-Flow-Node/ros2_ws/src/install/dynamic_obstacle_detector/share/dynamic_obstacle_detector/hook/ament_prefix_path.sh'
[0.210s] INFO:colcon.colcon_core.shell:Skip shell extension 'powershell' for command environment: Not usable outside of PowerShell
[0.210s] DEBUG:colcon.colcon_core.shell:Skip shell extension 'dsv' for command environment
[0.213s] INFO:colcon.colcon_ros.task.ament_cmake.build:Building ROS package in '/home/ronen/Documents/Optical-Flow-Node/ros2_ws/src/ENPM673_turtlebot_perception_challenge/enpm673_final_proj' with build type 'ament_cmake'
[0.213s] INFO:colcon.colcon_cmake.task.cmake.build:Building CMake package in '/home/ronen/Documents/Optical-Flow-Node/ros2_ws/src/ENPM673_turtlebot_perception_challenge/enpm673_final_proj'
[0.213s] INFO:colcon.colcon_core.shell:Skip shell extension 'powershell' for command environment: Not usable outside of PowerShell
[0.213s] DEBUG:colcon.colcon_core.shell:Skip shell extension 'dsv' for command environment
[0.396s] INFO:colcon.colcon_core.task.python.build:Building Python package in '/home/ronen/Documents/Optical-Flow-Node/ros2_ws/src/dynamic_obstacle_detector'
[0.396s] INFO:colcon.colcon_core.shell:Skip shell extension 'powershell' for command environment: Not usable outside of PowerShell
[0.396s] DEBUG:colcon.colcon_core.shell:Skip shell extension 'dsv' for command environment
[0.401s] DEBUG:colcon.colcon_core.event_handler.log_command:Invoking command in '/home/ronen/Documents/Optical-Flow-Node/ros2_ws/src/build/enpm673_final_proj': CMAKE_PREFIX_PATH=${CMAKE_PREFIX_PATH}:/home/ronen/Documents/Optical-Flow-Node/ros2_ws/install/dynamic_obstacle_detector:/opt/ros/jazzy DEBUGINFOD_URLS=https://debuginfod.ubuntu.com PS1=(venv) \[\e]0;\u@\h: \w\a\]${debian_chroot:+($debian_chroot)}\[\033[01;32m\]\u@\h\[\033[00m\]:\[\033[01;34m\]\w\[\033[00m\]\$ VIRTUAL_ENV_PROMPT=(venv) /usr/bin/cmake /home/ronen/Documents/Optical-Flow-Node/ros2_ws/src/ENPM673_turtlebot_perception_challenge/enpm673_final_proj -DCMAKE_INSTALL_PREFIX=/home/ronen/Documents/Optical-Flow-Node/ros2_ws/src/install/enpm673_final_proj
[0.837s] DEBUG:colcon.colcon_core.event_handler.log_command:Invoked command in '/home/ronen/Documents/Optical-Flow-Node/ros2_ws/src/build/enpm673_final_proj' returned '1': CMAKE_PREFIX_PATH=${CMAKE_PREFIX_PATH}:/home/ronen/Documents/Optical-Flow-Node/ros2_ws/install/dynamic_obstacle_detector:/opt/ros/jazzy DEBUGINFOD_URLS=https://debuginfod.ubuntu.com PS1=(venv) \[\e]0;\u@\h: \w\a\]${debian_chroot:+($debian_chroot)}\[\033[01;32m\]\u@\h\[\033[00m\]:\[\033[01;34m\]\w\[\033[00m\]\$ VIRTUAL_ENV_PROMPT=(venv) /usr/bin/cmake /home/ronen/Documents/Optical-Flow-Node/ros2_ws/src/ENPM673_turtlebot_perception_challenge/enpm673_final_proj -DCMAKE_INSTALL_PREFIX=/home/ronen/Documents/Optical-Flow-Node/ros2_ws/src/install/enpm673_final_proj
[0.848s] Level 1:colcon.colcon_core.environment:create_environment_scripts_only(enpm673_final_proj)
[0.850s] Level 1:colcon.colcon_core.environment:checking '/home/ronen/Documents/Optical-Flow-Node/ros2_ws/src/install/enpm673_final_proj' for CMake module files
[0.851s] Level 1:colcon.colcon_core.environment:checking '/home/ronen/Documents/Optical-Flow-Node/ros2_ws/src/install/enpm673_final_proj' for CMake config files
[0.851s] Level 1:colcon.colcon_core.environment:checking '/home/ronen/Documents/Optical-Flow-Node/ros2_ws/src/install/enpm673_final_proj/bin'
[0.851s] Level 1:colcon.colcon_core.environment:checking '/home/ronen/Documents/Optical-Flow-Node/ros2_ws/src/install/enpm673_final_proj/lib/pkgconfig/enpm673_final_proj.pc'
[0.851s] Level 1:colcon.colcon_core.environment:checking '/home/ronen/Documents/Optical-Flow-Node/ros2_ws/src/install/enpm673_final_proj/lib/python3.12/site-packages'
[0.851s] Level 1:colcon.colcon_core.environment:checking '/home/ronen/Documents/Optical-Flow-Node/ros2_ws/src/install/enpm673_final_proj/bin'
[0.852s] INFO:colcon.colcon_core.shell:Creating package script '/home/ronen/Documents/Optical-Flow-Node/ros2_ws/src/install/enpm673_final_proj/share/enpm673_final_proj/package.ps1'
[0.852s] INFO:colcon.colcon_core.shell:Creating package descriptor '/home/ronen/Documents/Optical-Flow-Node/ros2_ws/src/install/enpm673_final_proj/share/enpm673_final_proj/package.dsv'
[0.852s] INFO:colcon.colcon_core.shell:Creating package script '/home/ronen/Documents/Optical-Flow-Node/ros2_ws/src/install/enpm673_final_proj/share/enpm673_final_proj/package.sh'
[0.853s] INFO:colcon.colcon_core.shell:Creating package script '/home/ronen/Documents/Optical-Flow-Node/ros2_ws/src/install/enpm673_final_proj/share/enpm673_final_proj/package.bash'
[0.853s] INFO:colcon.colcon_core.shell:Creating package script '/home/ronen/Documents/Optical-Flow-Node/ros2_ws/src/install/enpm673_final_proj/share/enpm673_final_proj/package.zsh'
[0.854s] Level 1:colcon.colcon_core.environment:create_file_with_runtime_dependencies(/home/ronen/Documents/Optical-Flow-Node/ros2_ws/src/install/enpm673_final_proj/share/colcon-core/packages/enpm673_final_proj)
[0.931s] DEBUG:colcon.colcon_parallel_executor.executor.parallel:closing loop
[0.931s] DEBUG:colcon.colcon_parallel_executor.executor.parallel:loop closed
[0.931s] DEBUG:colcon.colcon_parallel_executor.executor.parallel:run_until_complete finished with '1'
[0.931s] DEBUG:colcon.colcon_core.event_reactor:joining thread
[0.935s] INFO:colcon.colcon_core.plugin_system:Skipping extension 'colcon_notification.desktop_notification.terminal_notifier': Not used on non-Darwin systems
[0.936s] INFO:colcon.colcon_core.plugin_system:Skipping extension 'colcon_notification.desktop_notification.win32': Not used on non-Windows systems
[0.936s] INFO:colcon.colcon_notification.desktop_notification:Sending desktop notification using 'notify2'
[0.951s] DEBUG:colcon.colcon_core.event_reactor:joined thread
[0.951s] INFO:colcon.colcon_core.shell:Creating prefix script '/home/ronen/Documents/Optical-Flow-Node/ros2_ws/src/install/local_setup.ps1'
[0.952s] INFO:colcon.colcon_core.shell:Creating prefix util module '/home/ronen/Documents/Optical-Flow-Node/ros2_ws/src/install/_local_setup_util_ps1.py'
[0.953s] INFO:colcon.colcon_core.shell:Creating prefix chain script '/home/ronen/Documents/Optical-Flow-Node/ros2_ws/src/install/setup.ps1'
[0.954s] INFO:colcon.colcon_core.shell:Creating prefix script '/home/ronen/Documents/Optical-Flow-Node/ros2_ws/src/install/local_setup.sh'
[0.954s] INFO:colcon.colcon_core.shell:Creating prefix util module '/home/ronen/Documents/Optical-Flow-Node/ros2_ws/src/install/_local_setup_util_sh.py'
[0.955s] INFO:colcon.colcon_core.shell:Creating prefix chain script '/home/ronen/Documents/Optical-Flow-Node/ros2_ws/src/install/setup.sh'
[0.956s] INFO:colcon.colcon_core.shell:Creating prefix script '/home/ronen/Documents/Optical-Flow-Node/ros2_ws/src/install/local_setup.bash'
[0.956s] INFO:colcon.colcon_core.shell:Creating prefix chain script '/home/ronen/Documents/Optical-Flow-Node/ros2_ws/src/install/setup.bash'
[0.957s] INFO:colcon.colcon_core.shell:Creating prefix script '/home/ronen/Documents/Optical-Flow-Node/ros2_ws/src/install/local_setup.zsh'
[0.957s] INFO:colcon.colcon_core.shell:Creating prefix chain script '/home/ronen/Documents/Optical-Flow-Node/ros2_ws/src/install/setup.zsh'
