[0.188s] Invoking command in '/home/ronen/Documents/Optical-Flow-Node/ros2_ws/src/build/enpm673_final_proj': CMAKE_PREFIX_PATH=${CMAKE_PREFIX_PATH}:/home/ronen/Documents/Optical-Flow-Node/ros2_ws/install/dynamic_obstacle_detector:/opt/ros/jazzy DEBUGINFOD_URLS=https://debuginfod.ubuntu.com PS1=(venv) \[\e]0;\u@\h: \w\a\]${debian_chroot:+($debian_chroot)}\[\033[01;32m\]\u@\h\[\033[00m\]:\[\033[01;34m\]\w\[\033[00m\]\$ VIRTUAL_ENV_PROMPT=(venv) /usr/bin/cmake /home/ronen/Documents/Optical-Flow-Node/ros2_ws/src/ENPM673_turtlebot_perception_challenge/enpm673_final_proj -DCMAKE_INSTALL_PREFIX=/home/ronen/Documents/Optical-Flow-Node/ros2_ws/src/install/enpm673_final_proj
[0.357s] -- The C compiler identification is GNU 13.3.0
[0.407s] -- The CXX compiler identification is GNU 13.3.0
[0.422s] -- Detecting C compiler ABI info
[0.505s] -- Detecting C compiler ABI info - done
[0.514s] -- Check for working C compiler: /usr/bin/cc - skipped
[0.514s] -- Detecting C compile features
[0.514s] -- Detecting C compile features - done
[0.522s] -- Detecting CXX compiler ABI info
[0.611s] -- Detecting CXX compiler ABI info - done
[0.620s] -- Check for working CXX compiler: /usr/bin/c++ - skipped
[0.620s] -- Detecting CXX compile features
[0.621s] -- Detecting CXX compile features - done
[0.625s] -- Found ament_cmake: 2.5.4 (/opt/ros/jazzy/share/ament_cmake/cmake)
[0.723s] -- Found Python3: /home/ronen/Documents/Optical-Flow-Node/ros2_ws/src/dynamic_obstacle_detector/venv/bin/python3 (found version "3.12.3") found components: Interpreter 
[0.836s] -- Found rclcpp: 28.1.9 (/opt/ros/jazzy/share/rclcpp/cmake)
[0.887s] -- Found rosidl_generator_c: 4.6.5 (/opt/ros/jazzy/share/rosidl_generator_c/cmake)
[0.904s] -- Found rosidl_generator_cpp: 4.6.5 (/opt/ros/jazzy/share/rosidl_generator_cpp/cmake)
[0.925s] -- Using all available rosidl_typesupport_c: rosidl_typesupport_fastrtps_c;rosidl_typesupport_introspection_c
[0.946s] -- Using all available rosidl_typesupport_cpp: rosidl_typesupport_fastrtps_cpp;rosidl_typesupport_introspection_cpp
[1.036s] -- Found rmw_implementation_cmake: 7.3.2 (/opt/ros/jazzy/share/rmw_implementation_cmake/cmake)
[1.040s] -- Found rmw_fastrtps_cpp: 8.4.2 (/opt/ros/jazzy/share/rmw_fastrtps_cpp/cmake)
[1.126s] -- Found OpenSSL: /usr/lib/x86_64-linux-gnu/libcrypto.so (found version "3.0.13")  
[1.144s] -- Found FastRTPS: /opt/ros/jazzy/include (Required is at least version "2.13") 
[1.166s] -- Using RMW implementation 'rmw_fastrtps_cpp' as default
[1.247s] -- Found rclpy: 7.1.4 (/opt/ros/jazzy/share/rclpy/cmake)
[1.257s] [31mCMake Error at CMakeLists.txt:13 (find_package):
[1.257s]   By not providing "Findgazebo.cmake" in CMAKE_MODULE_PATH this project has
[1.258s]   asked CMake to find a package configuration file provided by "gazebo", but
[1.258s]   CMake did not find one.
[1.258s] 
[1.258s]   Could not find a package configuration file provided by "gazebo" with any
[1.258s]   of the following names:
[1.258s] 
[1.258s]     gazeboConfig.cmake
[1.258s]     gazebo-config.cmake
[1.258s] 
[1.258s]   Add the installation prefix of "gazebo" to CMAKE_PREFIX_PATH or set
[1.258s]   "gazebo_DIR" to a directory containing one of the above files.  If "gazebo"
[1.258s]   provides a separate development package or SDK, be sure it has been
[1.258s]   installed.
[1.258s] 
[1.258s] [0m
[1.258s] -- Configuring incomplete, errors occurred!
[1.265s] Invoked command in '/home/ronen/Documents/Optical-Flow-Node/ros2_ws/src/build/enpm673_final_proj' returned '1': CMAKE_PREFIX_PATH=${CMAKE_PREFIX_PATH}:/home/ronen/Documents/Optical-Flow-Node/ros2_ws/install/dynamic_obstacle_detector:/opt/ros/jazzy DEBUGINFOD_URLS=https://debuginfod.ubuntu.com PS1=(venv) \[\e]0;\u@\h: \w\a\]${debian_chroot:+($debian_chroot)}\[\033[01;32m\]\u@\h\[\033[00m\]:\[\033[01;34m\]\w\[\033[00m\]\$ VIRTUAL_ENV_PROMPT=(venv) /usr/bin/cmake /home/ronen/Documents/Optical-Flow-Node/ros2_ws/src/ENPM673_turtlebot_perception_challenge/enpm673_final_proj -DCMAKE_INSTALL_PREFIX=/home/ronen/Documents/Optical-Flow-Node/ros2_ws/src/install/enpm673_final_proj
