[0.592s] DEBUG:colcon:Command line arguments: ['/home/ronen/.local/bin/colcon', 'build', '--packages-select', 'dynamic_obstacle_detector']
[0.592s] DEBUG:colcon:Parsed command line arguments: Namespace(log_base=None, log_level=None, verb_name='build', build_base='build', install_base='install', merge_install=False, symlink_install=False, test_result_base=None, continue_on_error=False, executor='parallel', parallel_workers=12, event_handlers=None, ignore_user_meta=False, metas=['./colcon.meta'], base_paths=['.'], packages_ignore=None, packages_ignore_regex=None, paths=None, packages_up_to=None, packages_up_to_regex=None, packages_above=None, packages_above_and_dependencies=None, packages_above_depth=None, packages_select_by_dep=None, packages_skip_by_dep=None, packages_skip_up_to=None, packages_select_build_failed=False, packages_skip_build_finished=False, packages_select_test_failures=False, packages_skip_test_passed=False, packages_select=['dynamic_obstacle_detector'], packages_skip=None, packages_select_regex=None, packages_skip_regex=None, packages_start=None, packages_end=None, cmake_args=None, cmake_target=None, cmake_target_skip_unavailable=False, cmake_clean_cache=False, cmake_clean_first=False, cmake_force_configure=False, ament_cmake_args=None, catkin_cmake_args=None, catkin_skip_building_tests=False, verb_parser=<colcon_defaults.argument_parser.defaults.DefaultArgumentsDecorator object at 0x7f2ebcae5090>, verb_extension=<colcon_core.verb.build.BuildVerb object at 0x7f2ebcae4b50>, main=<bound method BuildVerb.main of <colcon_core.verb.build.BuildVerb object at 0x7f2ebcae4b50>>)
[0.741s] Level 1:colcon.colcon_core.package_discovery:discover_packages(colcon_meta) check parameters
[0.741s] Level 1:colcon.colcon_core.package_discovery:discover_packages(recursive) check parameters
[0.741s] Level 1:colcon.colcon_core.package_discovery:discover_packages(ignore) check parameters
[0.741s] Level 1:colcon.colcon_core.package_discovery:discover_packages(path) check parameters
[0.741s] Level 1:colcon.colcon_core.package_discovery:discover_packages(colcon_meta) discover
[0.741s] Level 1:colcon.colcon_core.package_discovery:discover_packages(recursive) discover
[0.741s] INFO:colcon.colcon_core.package_discovery:Crawling recursively for packages in '/home/ronen/Optical_Flow_Node'
[0.741s] Level 1:colcon.colcon_core.package_identification:_identify(.) by extensions ['ignore', 'ignore_ament_install']
[0.741s] Level 1:colcon.colcon_core.package_identification:_identify(.) by extension 'ignore'
[0.741s] Level 1:colcon.colcon_core.package_identification:_identify(.) by extension 'ignore_ament_install'
[0.741s] Level 1:colcon.colcon_core.package_identification:_identify(.) by extensions ['colcon_pkg']
[0.741s] Level 1:colcon.colcon_core.package_identification:_identify(.) by extension 'colcon_pkg'
[0.741s] Level 1:colcon.colcon_core.package_identification:_identify(.) by extensions ['colcon_meta']
[0.741s] Level 1:colcon.colcon_core.package_identification:_identify(.) by extension 'colcon_meta'
[0.742s] Level 1:colcon.colcon_core.package_identification:_identify(.) by extensions ['ros']
[0.742s] Level 1:colcon.colcon_core.package_identification:_identify(.) by extension 'ros'
[0.755s] Level 1:colcon.colcon_core.package_identification:_identify(.) by extensions ['cmake', 'python']
[0.755s] Level 1:colcon.colcon_core.package_identification:_identify(.) by extension 'cmake'
[0.755s] Level 1:colcon.colcon_core.package_identification:_identify(.) by extension 'python'
[0.755s] Level 1:colcon.colcon_core.package_identification:_identify(.) by extensions ['python_setup_py']
[0.755s] Level 1:colcon.colcon_core.package_identification:_identify(.) by extension 'python_setup_py'
[0.756s] Level 1:colcon.colcon_core.package_identification:_identify(build) by extensions ['ignore', 'ignore_ament_install']
[0.756s] Level 1:colcon.colcon_core.package_identification:_identify(build) by extension 'ignore'
[0.756s] Level 1:colcon.colcon_core.package_identification:_identify(build) ignored
[0.756s] Level 1:colcon.colcon_core.package_identification:_identify(docs) by extensions ['ignore', 'ignore_ament_install']
[0.756s] Level 1:colcon.colcon_core.package_identification:_identify(docs) by extension 'ignore'
[0.756s] Level 1:colcon.colcon_core.package_identification:_identify(docs) by extension 'ignore_ament_install'
[0.756s] Level 1:colcon.colcon_core.package_identification:_identify(docs) by extensions ['colcon_pkg']
[0.756s] Level 1:colcon.colcon_core.package_identification:_identify(docs) by extension 'colcon_pkg'
[0.756s] Level 1:colcon.colcon_core.package_identification:_identify(docs) by extensions ['colcon_meta']
[0.756s] Level 1:colcon.colcon_core.package_identification:_identify(docs) by extension 'colcon_meta'
[0.756s] Level 1:colcon.colcon_core.package_identification:_identify(docs) by extensions ['ros']
[0.756s] Level 1:colcon.colcon_core.package_identification:_identify(docs) by extension 'ros'
[0.756s] Level 1:colcon.colcon_core.package_identification:_identify(docs) by extensions ['cmake', 'python']
[0.756s] Level 1:colcon.colcon_core.package_identification:_identify(docs) by extension 'cmake'
[0.756s] Level 1:colcon.colcon_core.package_identification:_identify(docs) by extension 'python'
[0.756s] Level 1:colcon.colcon_core.package_identification:_identify(docs) by extensions ['python_setup_py']
[0.756s] Level 1:colcon.colcon_core.package_identification:_identify(docs) by extension 'python_setup_py'
[0.757s] Level 1:colcon.colcon_core.package_identification:_identify(install) by extensions ['ignore', 'ignore_ament_install']
[0.757s] Level 1:colcon.colcon_core.package_identification:_identify(install) by extension 'ignore'
[0.757s] Level 1:colcon.colcon_core.package_identification:_identify(install) ignored
[0.757s] Level 1:colcon.colcon_core.package_identification:_identify(log) by extensions ['ignore', 'ignore_ament_install']
[0.757s] Level 1:colcon.colcon_core.package_identification:_identify(log) by extension 'ignore'
[0.757s] Level 1:colcon.colcon_core.package_identification:_identify(log) ignored
[0.757s] Level 1:colcon.colcon_core.package_identification:_identify(src) by extensions ['ignore', 'ignore_ament_install']
[0.757s] Level 1:colcon.colcon_core.package_identification:_identify(src) by extension 'ignore'
[0.757s] Level 1:colcon.colcon_core.package_identification:_identify(src) by extension 'ignore_ament_install'
[0.757s] Level 1:colcon.colcon_core.package_identification:_identify(src) by extensions ['colcon_pkg']
[0.757s] Level 1:colcon.colcon_core.package_identification:_identify(src) by extension 'colcon_pkg'
[0.757s] Level 1:colcon.colcon_core.package_identification:_identify(src) by extensions ['colcon_meta']
[0.757s] Level 1:colcon.colcon_core.package_identification:_identify(src) by extension 'colcon_meta'
[0.757s] Level 1:colcon.colcon_core.package_identification:_identify(src) by extensions ['ros']
[0.757s] Level 1:colcon.colcon_core.package_identification:_identify(src) by extension 'ros'
[0.757s] Level 1:colcon.colcon_core.package_identification:_identify(src) by extensions ['cmake', 'python']
[0.758s] Level 1:colcon.colcon_core.package_identification:_identify(src) by extension 'cmake'
[0.758s] Level 1:colcon.colcon_core.package_identification:_identify(src) by extension 'python'
[0.758s] Level 1:colcon.colcon_core.package_identification:_identify(src) by extensions ['python_setup_py']
[0.758s] Level 1:colcon.colcon_core.package_identification:_identify(src) by extension 'python_setup_py'
[0.758s] Level 1:colcon.colcon_core.package_identification:_identify(src/dynamic_obstacle_detector) by extensions ['ignore', 'ignore_ament_install']
[0.758s] Level 1:colcon.colcon_core.package_identification:_identify(src/dynamic_obstacle_detector) by extension 'ignore'
[0.758s] Level 1:colcon.colcon_core.package_identification:_identify(src/dynamic_obstacle_detector) by extension 'ignore_ament_install'
[0.758s] Level 1:colcon.colcon_core.package_identification:_identify(src/dynamic_obstacle_detector) by extensions ['colcon_pkg']
[0.758s] Level 1:colcon.colcon_core.package_identification:_identify(src/dynamic_obstacle_detector) by extension 'colcon_pkg'
[0.758s] Level 1:colcon.colcon_core.package_identification:_identify(src/dynamic_obstacle_detector) by extensions ['colcon_meta']
[0.758s] Level 1:colcon.colcon_core.package_identification:_identify(src/dynamic_obstacle_detector) by extension 'colcon_meta'
[0.758s] Level 1:colcon.colcon_core.package_identification:_identify(src/dynamic_obstacle_detector) by extensions ['ros']
[0.758s] Level 1:colcon.colcon_core.package_identification:_identify(src/dynamic_obstacle_detector) by extension 'ros'
[0.763s] DEBUG:colcon.colcon_core.package_identification:Package 'src/dynamic_obstacle_detector' with type 'ros.ament_python' and name 'dynamic_obstacle_detector'
[0.763s] Level 1:colcon.colcon_core.package_discovery:discover_packages(recursive) using defaults
[0.763s] Level 1:colcon.colcon_core.package_discovery:discover_packages(ignore) discover
[0.763s] Level 1:colcon.colcon_core.package_discovery:discover_packages(ignore) using defaults
[0.763s] Level 1:colcon.colcon_core.package_discovery:discover_packages(path) discover
[0.764s] Level 1:colcon.colcon_core.package_discovery:discover_packages(path) using defaults
[0.841s] Level 5:colcon.colcon_core.verb:set package 'dynamic_obstacle_detector' build argument 'cmake_args' from command line to 'None'
[0.841s] Level 5:colcon.colcon_core.verb:set package 'dynamic_obstacle_detector' build argument 'cmake_target' from command line to 'None'
[0.841s] Level 5:colcon.colcon_core.verb:set package 'dynamic_obstacle_detector' build argument 'cmake_target_skip_unavailable' from command line to 'False'
[0.841s] Level 5:colcon.colcon_core.verb:set package 'dynamic_obstacle_detector' build argument 'cmake_clean_cache' from command line to 'False'
[0.841s] Level 5:colcon.colcon_core.verb:set package 'dynamic_obstacle_detector' build argument 'cmake_clean_first' from command line to 'False'
[0.841s] Level 5:colcon.colcon_core.verb:set package 'dynamic_obstacle_detector' build argument 'cmake_force_configure' from command line to 'False'
[0.841s] Level 5:colcon.colcon_core.verb:set package 'dynamic_obstacle_detector' build argument 'ament_cmake_args' from command line to 'None'
[0.841s] Level 5:colcon.colcon_core.verb:set package 'dynamic_obstacle_detector' build argument 'catkin_cmake_args' from command line to 'None'
[0.841s] Level 5:colcon.colcon_core.verb:set package 'dynamic_obstacle_detector' build argument 'catkin_skip_building_tests' from command line to 'False'
[0.842s] DEBUG:colcon.colcon_core.verb:Building package 'dynamic_obstacle_detector' with the following arguments: {'ament_cmake_args': None, 'build_base': '/home/ronen/Optical_Flow_Node/build/dynamic_obstacle_detector', 'catkin_cmake_args': None, 'catkin_skip_building_tests': False, 'cmake_args': None, 'cmake_clean_cache': False, 'cmake_clean_first': False, 'cmake_force_configure': False, 'cmake_target': None, 'cmake_target_skip_unavailable': False, 'install_base': '/home/ronen/Optical_Flow_Node/install/dynamic_obstacle_detector', 'merge_install': False, 'path': '/home/ronen/Optical_Flow_Node/src/dynamic_obstacle_detector', 'symlink_install': False, 'test_result_base': None}
[0.842s] INFO:colcon.colcon_core.executor:Executing jobs using 'parallel' executor
[0.843s] DEBUG:colcon.colcon_parallel_executor.executor.parallel:run_until_complete
[0.843s] INFO:colcon.colcon_ros.task.ament_python.build:Building ROS package in '/home/ronen/Optical_Flow_Node/src/dynamic_obstacle_detector' with build type 'ament_python'
[0.843s] Level 1:colcon.colcon_core.shell:create_environment_hook('dynamic_obstacle_detector', 'ament_prefix_path')
[0.856s] INFO:colcon.colcon_core.plugin_system:Skipping extension 'colcon_core.shell.bat': Not used on non-Windows systems
[0.856s] INFO:colcon.colcon_core.shell:Creating environment hook '/home/ronen/Optical_Flow_Node/install/dynamic_obstacle_detector/share/dynamic_obstacle_detector/hook/ament_prefix_path.ps1'
[0.858s] INFO:colcon.colcon_core.shell:Creating environment descriptor '/home/ronen/Optical_Flow_Node/install/dynamic_obstacle_detector/share/dynamic_obstacle_detector/hook/ament_prefix_path.dsv'
[0.859s] INFO:colcon.colcon_core.shell:Creating environment hook '/home/ronen/Optical_Flow_Node/install/dynamic_obstacle_detector/share/dynamic_obstacle_detector/hook/ament_prefix_path.sh'
[0.861s] INFO:colcon.colcon_core.shell:Skip shell extension 'powershell' for command environment: Not usable outside of PowerShell
[0.861s] DEBUG:colcon.colcon_core.shell:Skip shell extension 'dsv' for command environment
[1.071s] INFO:colcon.colcon_core.task.python.build:Building Python package in '/home/ronen/Optical_Flow_Node/src/dynamic_obstacle_detector'
[1.071s] INFO:colcon.colcon_core.shell:Skip shell extension 'powershell' for command environment: Not usable outside of PowerShell
[1.071s] DEBUG:colcon.colcon_core.shell:Skip shell extension 'dsv' for command environment
[2.123s] DEBUG:colcon.colcon_core.event_handler.log_command:Invoking command in '/home/ronen/Optical_Flow_Node/src/dynamic_obstacle_detector': PYTHONPATH=/home/ronen/Optical_Flow_Node/build/dynamic_obstacle_detector/prefix_override:/home/ronen/.local/lib/python3.10/site-packages/colcon_core/task/python/colcon_distutils_commands:/home/ronen/Optical_Flow_Node/install/dynamic_obstacle_detector/lib/python3.10/site-packages:${PYTHONPATH} /usr/bin/python3 -W ignore:setup.py install is deprecated -W ignore:easy_install command is deprecated setup.py egg_info --egg-base ../../build/dynamic_obstacle_detector build --build-base /home/ronen/Optical_Flow_Node/build/dynamic_obstacle_detector/build install --record /home/ronen/Optical_Flow_Node/build/dynamic_obstacle_detector/install.log --single-version-externally-managed install_data
[2.542s] DEBUG:colcon.colcon_core.event_handler.log_command:Invoked command in '/home/ronen/Optical_Flow_Node/src/dynamic_obstacle_detector' returned '0': PYTHONPATH=/home/ronen/Optical_Flow_Node/build/dynamic_obstacle_detector/prefix_override:/home/ronen/.local/lib/python3.10/site-packages/colcon_core/task/python/colcon_distutils_commands:/home/ronen/Optical_Flow_Node/install/dynamic_obstacle_detector/lib/python3.10/site-packages:${PYTHONPATH} /usr/bin/python3 -W ignore:setup.py install is deprecated -W ignore:easy_install command is deprecated setup.py egg_info --egg-base ../../build/dynamic_obstacle_detector build --build-base /home/ronen/Optical_Flow_Node/build/dynamic_obstacle_detector/build install --record /home/ronen/Optical_Flow_Node/build/dynamic_obstacle_detector/install.log --single-version-externally-managed install_data
[2.565s] Level 1:colcon.colcon_core.environment:checking '/home/ronen/Optical_Flow_Node/install/dynamic_obstacle_detector' for CMake module files
[2.565s] Level 1:colcon.colcon_core.environment:checking '/home/ronen/Optical_Flow_Node/install/dynamic_obstacle_detector' for CMake config files
[2.566s] Level 1:colcon.colcon_core.environment:checking '/home/ronen/Optical_Flow_Node/install/dynamic_obstacle_detector/lib'
[2.566s] Level 1:colcon.colcon_core.environment:checking '/home/ronen/Optical_Flow_Node/install/dynamic_obstacle_detector/bin'
[2.566s] Level 1:colcon.colcon_core.environment:checking '/home/ronen/Optical_Flow_Node/install/dynamic_obstacle_detector/lib/pkgconfig/dynamic_obstacle_detector.pc'
[2.566s] Level 1:colcon.colcon_core.environment:checking '/home/ronen/Optical_Flow_Node/install/dynamic_obstacle_detector/lib/python3.10/site-packages'
[2.566s] Level 1:colcon.colcon_core.shell:create_environment_hook('dynamic_obstacle_detector', 'pythonpath')
[2.566s] INFO:colcon.colcon_core.shell:Creating environment hook '/home/ronen/Optical_Flow_Node/install/dynamic_obstacle_detector/share/dynamic_obstacle_detector/hook/pythonpath.ps1'
[2.567s] INFO:colcon.colcon_core.shell:Creating environment descriptor '/home/ronen/Optical_Flow_Node/install/dynamic_obstacle_detector/share/dynamic_obstacle_detector/hook/pythonpath.dsv'
[2.567s] INFO:colcon.colcon_core.shell:Creating environment hook '/home/ronen/Optical_Flow_Node/install/dynamic_obstacle_detector/share/dynamic_obstacle_detector/hook/pythonpath.sh'
[2.568s] Level 1:colcon.colcon_core.environment:checking '/home/ronen/Optical_Flow_Node/install/dynamic_obstacle_detector/bin'
[2.568s] Level 1:colcon.colcon_core.environment:create_environment_scripts_only(dynamic_obstacle_detector)
[2.568s] INFO:colcon.colcon_core.shell:Creating package script '/home/ronen/Optical_Flow_Node/install/dynamic_obstacle_detector/share/dynamic_obstacle_detector/package.ps1'
[2.570s] INFO:colcon.colcon_core.shell:Creating package descriptor '/home/ronen/Optical_Flow_Node/install/dynamic_obstacle_detector/share/dynamic_obstacle_detector/package.dsv'
[2.571s] INFO:colcon.colcon_core.shell:Creating package script '/home/ronen/Optical_Flow_Node/install/dynamic_obstacle_detector/share/dynamic_obstacle_detector/package.sh'
[2.572s] INFO:colcon.colcon_core.shell:Creating package script '/home/ronen/Optical_Flow_Node/install/dynamic_obstacle_detector/share/dynamic_obstacle_detector/package.bash'
[2.575s] INFO:colcon.colcon_core.shell:Creating package script '/home/ronen/Optical_Flow_Node/install/dynamic_obstacle_detector/share/dynamic_obstacle_detector/package.zsh'
[2.576s] Level 1:colcon.colcon_core.environment:create_file_with_runtime_dependencies(/home/ronen/Optical_Flow_Node/install/dynamic_obstacle_detector/share/colcon-core/packages/dynamic_obstacle_detector)
[2.577s] DEBUG:colcon.colcon_parallel_executor.executor.parallel:closing loop
[2.578s] DEBUG:colcon.colcon_parallel_executor.executor.parallel:loop closed
[2.578s] DEBUG:colcon.colcon_parallel_executor.executor.parallel:run_until_complete finished with '0'
[2.578s] DEBUG:colcon.colcon_core.event_reactor:joining thread
[2.661s] INFO:colcon.colcon_core.plugin_system:Skipping extension 'colcon_notification.desktop_notification.notify_send': Could not find 'notify-send'
[2.661s] INFO:colcon.colcon_core.plugin_system:Skipping extension 'colcon_notification.desktop_notification.terminal_notifier': Not used on non-Darwin systems
[2.661s] INFO:colcon.colcon_core.plugin_system:Skipping extension 'colcon_notification.desktop_notification.win32': Not used on non-Windows systems
[2.661s] INFO:colcon.colcon_notification.desktop_notification:Sending desktop notification using 'notify2'
[2.742s] DEBUG:colcon.colcon_notification.desktop_notification.notify2:Failed to initialize notify2: org.freedesktop.DBus.Error.ServiceUnknown: The name org.freedesktop.Notifications was not provided by any .service files
[2.743s] DEBUG:colcon.colcon_core.event_reactor:joined thread
[2.743s] INFO:colcon.colcon_core.shell:Creating prefix script '/home/ronen/Optical_Flow_Node/install/local_setup.ps1'
[2.745s] INFO:colcon.colcon_core.shell:Creating prefix util module '/home/ronen/Optical_Flow_Node/install/_local_setup_util_ps1.py'
[2.747s] INFO:colcon.colcon_core.shell:Creating prefix chain script '/home/ronen/Optical_Flow_Node/install/setup.ps1'
[2.748s] INFO:colcon.colcon_core.shell:Creating prefix script '/home/ronen/Optical_Flow_Node/install/local_setup.sh'
[2.749s] INFO:colcon.colcon_core.shell:Creating prefix util module '/home/ronen/Optical_Flow_Node/install/_local_setup_util_sh.py'
[2.750s] INFO:colcon.colcon_core.shell:Creating prefix chain script '/home/ronen/Optical_Flow_Node/install/setup.sh'
[2.751s] INFO:colcon.colcon_core.shell:Creating prefix script '/home/ronen/Optical_Flow_Node/install/local_setup.bash'
[2.752s] INFO:colcon.colcon_core.shell:Creating prefix chain script '/home/ronen/Optical_Flow_Node/install/setup.bash'
[2.754s] INFO:colcon.colcon_core.shell:Creating prefix script '/home/ronen/Optical_Flow_Node/install/local_setup.zsh'
[2.755s] INFO:colcon.colcon_core.shell:Creating prefix chain script '/home/ronen/Optical_Flow_Node/install/setup.zsh'
